2021-10-14 16:12:07,805 [Worker-3: Loading available Gradle versions] INFO  o.e.b.c.i.u.g.PublishedGradleVersions - Gradle version information cache is out-of-date. Trying to update.
2021-10-14 16:35:33,683 [Start Help Server] INFO  org.eclipse.jetty.util.log - Logging initialized @1444583ms to org.eclipse.jetty.util.log.Slf4jLog
2021-10-14 16:35:33,779 [Start Help Server] INFO  org.eclipse.jetty.server.Server - jetty-9.4.37.v20210219; built: 2021-02-23T06:49:41.320Z; git: 27afab2bd37780d179836e313e0fe11bc4fa0ce9; jvm 15.0.2+7-27
2021-10-14 16:35:33,793 [Start Help Server] INFO  org.eclipse.jetty.server.session - DefaultSessionIdManager workerName=node0
2021-10-14 16:35:33,793 [Start Help Server] INFO  org.eclipse.jetty.server.session - No SessionScavenger set, using defaults
2021-10-14 16:35:33,794 [Start Help Server] INFO  org.eclipse.jetty.server.session - node0 Scavenging every 660000ms
2021-10-14 16:35:33,812 [Start Help Server] INFO  o.e.j.server.handler.ContextHandler - Started o.e.j.s.ServletContextHandler@43ed0bf1{/help,null,AVAILABLE}
2021-10-14 16:35:33,835 [Start Help Server] INFO  o.e.jetty.server.AbstractConnector - Started ServerConnector@30f78231{HTTP/1.1, (http/1.1)}{127.0.0.1:60241}
2021-10-14 16:35:33,835 [Start Help Server] INFO  org.eclipse.jetty.server.Server - Started @1444737ms
2021-10-14 16:35:33,836 [Start Help Server] INFO  org.eclipse.jetty.server.session - node0 Scavenging every 726000ms
2021-10-14 17:01:46,339 [Stop Help Server] INFO  o.e.jetty.server.AbstractConnector - Stopped ServerConnector@30f78231{HTTP/1.1, (http/1.1)}{127.0.0.1:0}
2021-10-14 17:01:46,339 [Stop Help Server] INFO  org.eclipse.jetty.server.session - node0 Stopped scavenging
2021-10-14 17:01:46,343 [Stop Help Server] INFO  o.e.j.server.handler.ContextHandler - Stopped o.e.j.s.ServletContextHandler@43ed0bf1{/help,null,STOPPED}
2021-10-14 17:02:12,611 [Worker-3: Loading available Gradle versions] INFO  o.e.b.c.i.u.g.PublishedGradleVersions - Gradle version information cache is up-to-date. Trying to read.
2021-10-15 15:49:02,018 [Worker-3: Loading available Gradle versions] INFO  o.e.b.c.i.u.g.PublishedGradleVersions - Gradle version information cache is up-to-date. Trying to read.
2021-10-16 23:04:09,234 [Worker-3: Loading available Gradle versions] INFO  o.e.b.c.i.u.g.PublishedGradleVersions - Gradle version information cache is out-of-date. Trying to update.
2021-10-16 23:33:52,104 [Start Help Server] INFO  org.eclipse.jetty.util.log - Logging initialized @1805458ms to org.eclipse.jetty.util.log.Slf4jLog
2021-10-16 23:33:52,212 [Start Help Server] INFO  org.eclipse.jetty.server.Server - jetty-9.4.37.v20210219; built: 2021-02-23T06:49:41.320Z; git: 27afab2bd37780d179836e313e0fe11bc4fa0ce9; jvm 15.0.2+7-27
2021-10-16 23:33:52,226 [Start Help Server] INFO  org.eclipse.jetty.server.session - DefaultSessionIdManager workerName=node0
2021-10-16 23:33:52,227 [Start Help Server] INFO  org.eclipse.jetty.server.session - No SessionScavenger set, using defaults
2021-10-16 23:33:52,228 [Start Help Server] INFO  org.eclipse.jetty.server.session - node0 Scavenging every 600000ms
2021-10-16 23:33:52,252 [Start Help Server] INFO  o.e.j.server.handler.ContextHandler - Started o.e.j.s.ServletContextHandler@3fe82283{/help,null,AVAILABLE}
2021-10-16 23:33:52,282 [Start Help Server] INFO  o.e.jetty.server.AbstractConnector - Started ServerConnector@9362655{HTTP/1.1, (http/1.1)}{127.0.0.1:64838}
2021-10-16 23:33:52,282 [Start Help Server] INFO  org.eclipse.jetty.server.Server - Started @1805637ms
2021-10-16 23:33:52,282 [Start Help Server] INFO  org.eclipse.jetty.server.session - node0 Scavenging every 660000ms
2021-10-17 06:08:48,039 [Stop Help Server] INFO  o.e.jetty.server.AbstractConnector - Stopped ServerConnector@9362655{HTTP/1.1, (http/1.1)}{127.0.0.1:0}
2021-10-17 06:08:48,040 [Stop Help Server] INFO  org.eclipse.jetty.server.session - node0 Stopped scavenging
2021-10-17 06:08:48,048 [Stop Help Server] INFO  o.e.j.server.handler.ContextHandler - Stopped o.e.j.s.ServletContextHandler@3fe82283{/help,null,STOPPED}
2021-10-18 16:28:59,355 [Worker-3: Loading available Gradle versions] INFO  o.e.b.c.i.u.g.PublishedGradleVersions - Gradle version information cache is out-of-date. Trying to update.
2021-10-19 02:58:11,827 [Start Help Server] INFO  org.eclipse.jetty.util.log - Logging initialized @37761826ms to org.eclipse.jetty.util.log.Slf4jLog
2021-10-19 02:58:11,937 [Start Help Server] INFO  org.eclipse.jetty.server.Server - jetty-9.4.37.v20210219; built: 2021-02-23T06:49:41.320Z; git: 27afab2bd37780d179836e313e0fe11bc4fa0ce9; jvm 15.0.2+7-27
2021-10-19 02:58:11,951 [Start Help Server] INFO  org.eclipse.jetty.server.session - DefaultSessionIdManager workerName=node0
2021-10-19 02:58:11,951 [Start Help Server] INFO  org.eclipse.jetty.server.session - No SessionScavenger set, using defaults
2021-10-19 02:58:11,952 [Start Help Server] INFO  org.eclipse.jetty.server.session - node0 Scavenging every 660000ms
2021-10-19 02:58:11,975 [Start Help Server] INFO  o.e.j.server.handler.ContextHandler - Started o.e.j.s.ServletContextHandler@5db278ab{/help,null,AVAILABLE}
2021-10-19 02:58:11,999 [Start Help Server] INFO  o.e.jetty.server.AbstractConnector - Started ServerConnector@3a8f8f3f{HTTP/1.1, (http/1.1)}{127.0.0.1:62411}
2021-10-19 02:58:11,999 [Start Help Server] INFO  org.eclipse.jetty.server.Server - Started @37761999ms
2021-10-19 02:58:11,999 [Start Help Server] INFO  org.eclipse.jetty.server.session - node0 Scavenging every 660000ms
2021-10-19 04:05:45,887 [Stop Help Server] INFO  o.e.jetty.server.AbstractConnector - Stopped ServerConnector@3a8f8f3f{HTTP/1.1, (http/1.1)}{127.0.0.1:0}
2021-10-19 04:05:45,888 [Stop Help Server] INFO  org.eclipse.jetty.server.session - node0 Stopped scavenging
2021-10-19 04:05:45,891 [Stop Help Server] INFO  o.e.j.server.handler.ContextHandler - Stopped o.e.j.s.ServletContextHandler@5db278ab{/help,null,STOPPED}
2021-10-19 16:00:08,285 [Worker-3: Loading available Gradle versions] INFO  o.e.b.c.i.u.g.PublishedGradleVersions - Gradle version information cache is up-to-date. Trying to read.
2021-10-19 16:07:58,312 [Start Help Server] INFO  org.eclipse.jetty.util.log - Logging initialized @480212ms to org.eclipse.jetty.util.log.Slf4jLog
2021-10-19 16:07:58,425 [Start Help Server] INFO  org.eclipse.jetty.server.Server - jetty-9.4.37.v20210219; built: 2021-02-23T06:49:41.320Z; git: 27afab2bd37780d179836e313e0fe11bc4fa0ce9; jvm 15.0.2+7-27
2021-10-19 16:07:58,440 [Start Help Server] INFO  org.eclipse.jetty.server.session - DefaultSessionIdManager workerName=node0
2021-10-19 16:07:58,440 [Start Help Server] INFO  org.eclipse.jetty.server.session - No SessionScavenger set, using defaults
2021-10-19 16:07:58,441 [Start Help Server] INFO  org.eclipse.jetty.server.session - node0 Scavenging every 600000ms
2021-10-19 16:07:58,464 [Start Help Server] INFO  o.e.j.server.handler.ContextHandler - Started o.e.j.s.ServletContextHandler@68ed76ec{/help,null,AVAILABLE}
2021-10-19 16:07:58,494 [Start Help Server] INFO  o.e.jetty.server.AbstractConnector - Started ServerConnector@3e271c9e{HTTP/1.1, (http/1.1)}{127.0.0.1:55241}
2021-10-19 16:07:58,494 [Start Help Server] INFO  org.eclipse.jetty.server.Server - Started @480396ms
2021-10-19 16:07:58,494 [Start Help Server] INFO  org.eclipse.jetty.server.session - node0 Scavenging every 660000ms
2021-10-19 17:00:26,424 [Stop Help Server] INFO  o.e.jetty.server.AbstractConnector - Stopped ServerConnector@3e271c9e{HTTP/1.1, (http/1.1)}{127.0.0.1:0}
2021-10-19 17:00:26,424 [Stop Help Server] INFO  org.eclipse.jetty.server.session - node0 Stopped scavenging
2021-10-19 17:00:26,428 [Stop Help Server] INFO  o.e.j.server.handler.ContextHandler - Stopped o.e.j.s.ServletContextHandler@68ed76ec{/help,null,STOPPED}
2021-10-19 23:47:58,920 [Worker-3: Loading available Gradle versions] INFO  o.e.b.c.i.u.g.PublishedGradleVersions - Gradle version information cache is out-of-date. Trying to update.
2021-10-20 17:39:35,236 [Worker-1: Loading available Gradle versions] INFO  o.e.b.c.i.u.g.PublishedGradleVersions - Gradle version information cache is up-to-date. Trying to read.
2021-10-20 21:45:53,699 [Worker-3: Loading available Gradle versions] INFO  o.e.b.c.i.u.g.PublishedGradleVersions - Gradle version information cache is up-to-date. Trying to read.
2021-10-20 21:50:03,215 [Worker-3: Loading available Gradle versions] INFO  o.e.b.c.i.u.g.PublishedGradleVersions - Gradle version information cache is up-to-date. Trying to read.
2021-10-20 22:11:04,330 [Worker-3: Loading available Gradle versions] INFO  o.e.b.c.i.u.g.PublishedGradleVersions - Gradle version information cache is up-to-date. Trying to read.
2021-10-21 10:29:16,857 [Worker-3: Loading available Gradle versions] INFO  o.e.b.c.i.u.g.PublishedGradleVersions - Gradle version information cache is not available. Remote download required.
2021-10-21 10:30:42,667 [Worker-3: Loading available Gradle versions] INFO  o.e.b.c.i.u.g.PublishedGradleVersions - Gradle version information cache is up-to-date. Trying to read.
2021-10-21 23:52:09,694 [Worker-5: Loading available Gradle versions] INFO  o.e.b.c.i.u.g.PublishedGradleVersions - Gradle version information cache is out-of-date. Trying to update.
2021-10-22 08:31:50,170 [Worker-3: Loading available Gradle versions] INFO  o.e.b.c.i.u.g.PublishedGradleVersions - Gradle version information cache is up-to-date. Trying to read.
2021-10-22 08:32:52,803 [Start Help Server] INFO  org.eclipse.jetty.util.log - Logging initialized @78090ms to org.eclipse.jetty.util.log.Slf4jLog
2021-10-22 08:32:53,023 [Start Help Server] INFO  org.eclipse.jetty.server.Server - jetty-9.4.37.v20210219; built: 2021-02-23T06:49:41.320Z; git: 27afab2bd37780d179836e313e0fe11bc4fa0ce9; jvm 15.0.2+7-27
2021-10-22 08:32:53,044 [Start Help Server] INFO  org.eclipse.jetty.server.session - DefaultSessionIdManager workerName=node0
2021-10-22 08:32:53,045 [Start Help Server] INFO  org.eclipse.jetty.server.session - No SessionScavenger set, using defaults
2021-10-22 08:32:53,046 [Start Help Server] INFO  org.eclipse.jetty.server.session - node0 Scavenging every 660000ms
2021-10-22 08:32:53,074 [Start Help Server] INFO  o.e.j.server.handler.ContextHandler - Started o.e.j.s.ServletContextHandler@7f738856{/help,null,AVAILABLE}
2021-10-22 08:32:53,097 [Start Help Server] INFO  o.e.jetty.server.AbstractConnector - Started ServerConnector@7caf2cb1{HTTP/1.1, (http/1.1)}{127.0.0.1:51546}
2021-10-22 08:32:53,097 [Start Help Server] INFO  org.eclipse.jetty.server.Server - Started @78385ms
2021-10-22 08:32:53,098 [Start Help Server] INFO  org.eclipse.jetty.server.session - node0 Scavenging every 726000ms
2021-10-22 09:26:20,108 [Stop Help Server] INFO  o.e.jetty.server.AbstractConnector - Stopped ServerConnector@7caf2cb1{HTTP/1.1, (http/1.1)}{127.0.0.1:0}
2021-10-22 09:26:20,109 [Stop Help Server] INFO  org.eclipse.jetty.server.session - node0 Stopped scavenging
2021-10-22 09:26:20,118 [Stop Help Server] INFO  o.e.j.server.handler.ContextHandler - Stopped o.e.j.s.ServletContextHandler@7f738856{/help,null,STOPPED}
2021-10-22 09:26:42,500 [Worker-3: Loading available Gradle versions] INFO  o.e.b.c.i.u.g.PublishedGradleVersions - Gradle version information cache is up-to-date. Trying to read.
2021-10-22 09:47:49,657 [Worker-3: Loading available Gradle versions] INFO  o.e.b.c.i.u.g.PublishedGradleVersions - Gradle version information cache is up-to-date. Trying to read.
2021-10-22 19:52:09,270 [Start Help Server] INFO  org.eclipse.jetty.util.log - Logging initialized @36272188ms to org.eclipse.jetty.util.log.Slf4jLog
2021-10-22 19:52:09,472 [Start Help Server] INFO  org.eclipse.jetty.server.Server - jetty-9.4.37.v20210219; built: 2021-02-23T06:49:41.320Z; git: 27afab2bd37780d179836e313e0fe11bc4fa0ce9; jvm 15.0.2+7-27
2021-10-22 19:52:09,492 [Start Help Server] INFO  org.eclipse.jetty.server.session - DefaultSessionIdManager workerName=node0
2021-10-22 19:52:09,492 [Start Help Server] INFO  org.eclipse.jetty.server.session - No SessionScavenger set, using defaults
2021-10-22 19:52:09,493 [Start Help Server] INFO  org.eclipse.jetty.server.session - node0 Scavenging every 600000ms
2021-10-22 19:52:09,525 [Start Help Server] INFO  o.e.j.server.handler.ContextHandler - Started o.e.j.s.ServletContextHandler@6c8ad714{/help,null,AVAILABLE}
2021-10-22 19:52:09,550 [Start Help Server] INFO  o.e.jetty.server.AbstractConnector - Started ServerConnector@2b6fefc9{HTTP/1.1, (http/1.1)}{127.0.0.1:59475}
2021-10-22 19:52:09,550 [Start Help Server] INFO  org.eclipse.jetty.server.Server - Started @36272472ms
2021-10-22 19:52:09,551 [Start Help Server] INFO  org.eclipse.jetty.server.session - node0 Scavenging every 660000ms
2021-10-23 07:33:19,788 [Stop Help Server] INFO  o.e.jetty.server.AbstractConnector - Stopped ServerConnector@2b6fefc9{HTTP/1.1, (http/1.1)}{127.0.0.1:0}
2021-10-23 07:33:19,872 [Stop Help Server] INFO  org.eclipse.jetty.server.session - node0 Stopped scavenging
2021-10-23 07:33:19,880 [Stop Help Server] INFO  o.e.j.server.handler.ContextHandler - Stopped o.e.j.s.ServletContextHandler@6c8ad714{/help,null,STOPPED}
2021-10-23 07:39:31,028 [Worker-3: Loading available Gradle versions] INFO  o.e.b.c.i.u.g.PublishedGradleVersions - Gradle version information cache is out-of-date. Trying to update.
2021-10-23 16:19:01,741 [Worker-3: Loading available Gradle versions] INFO  o.e.b.c.i.u.g.PublishedGradleVersions - Gradle version information cache is up-to-date. Trying to read.
2021-10-24 04:52:17,618 [Worker-3: Loading available Gradle versions] INFO  o.e.b.c.i.u.g.PublishedGradleVersions - Gradle version information cache is up-to-date. Trying to read.
2021-10-24 13:20:02,130 [Worker-0: Loading available Gradle versions] INFO  o.e.b.c.i.u.g.PublishedGradleVersions - Gradle version information cache is out-of-date. Trying to update.
2021-10-24 18:37:34,550 [Worker-5: Loading available Gradle versions] INFO  o.e.b.c.i.u.g.PublishedGradleVersions - Gradle version information cache is out-of-date. Trying to update.
2021-10-24 18:39:17,238 [Worker-4: Loading available Gradle versions] INFO  o.e.b.c.i.u.g.PublishedGradleVersions - Gradle version information cache is up-to-date. Trying to read.
2021-10-24 18:42:54,837 [Start Help Server] INFO  org.eclipse.jetty.util.log - Logging initialized @226286ms to org.eclipse.jetty.util.log.Slf4jLog
2021-10-24 18:42:54,934 [Start Help Server] INFO  org.eclipse.jetty.server.Server - jetty-9.4.37.v20210219; built: 2021-02-23T06:49:41.320Z; git: 27afab2bd37780d179836e313e0fe11bc4fa0ce9; jvm 15.0.2+7-27
2021-10-24 18:42:54,948 [Start Help Server] INFO  org.eclipse.jetty.server.session - DefaultSessionIdManager workerName=node0
2021-10-24 18:42:54,948 [Start Help Server] INFO  org.eclipse.jetty.server.session - No SessionScavenger set, using defaults
2021-10-24 18:42:54,949 [Start Help Server] INFO  org.eclipse.jetty.server.session - node0 Scavenging every 600000ms
2021-10-24 18:42:54,969 [Start Help Server] INFO  o.e.j.server.handler.ContextHandler - Started o.e.j.s.ServletContextHandler@e736fba{/help,null,AVAILABLE}
2021-10-24 18:42:54,994 [Start Help Server] INFO  o.e.jetty.server.AbstractConnector - Started ServerConnector@425ec23{HTTP/1.1, (http/1.1)}{127.0.0.1:59498}
2021-10-24 18:42:54,995 [Start Help Server] INFO  org.eclipse.jetty.server.Server - Started @226445ms
2021-10-24 18:42:54,995 [Start Help Server] INFO  org.eclipse.jetty.server.session - node0 Scavenging every 600000ms
2021-10-28 08:54:20,354 [Worker-3: Loading available Gradle versions] INFO  o.e.b.c.i.u.g.PublishedGradleVersions - Gradle version information cache is out-of-date. Trying to update.
2021-10-28 08:54:49,523 [Worker-4: Loading available Gradle versions] INFO  o.e.b.c.i.u.g.PublishedGradleVersions - Gradle version information cache is up-to-date. Trying to read.
2021-10-28 09:01:11,640 [Worker-3: Loading available Gradle versions] INFO  o.e.b.c.i.u.g.PublishedGradleVersions - Gradle version information cache is up-to-date. Trying to read.
2021-10-28 09:06:30,966 [Start Help Server] INFO  org.eclipse.jetty.util.log - Logging initialized @327082ms to org.eclipse.jetty.util.log.Slf4jLog
2021-10-28 09:06:31,157 [Start Help Server] INFO  org.eclipse.jetty.server.Server - jetty-9.4.37.v20210219; built: 2021-02-23T06:49:41.320Z; git: 27afab2bd37780d179836e313e0fe11bc4fa0ce9; jvm 15.0.2+7-27
2021-10-28 09:06:31,175 [Start Help Server] INFO  org.eclipse.jetty.server.session - DefaultSessionIdManager workerName=node0
2021-10-28 09:06:31,176 [Start Help Server] INFO  org.eclipse.jetty.server.session - No SessionScavenger set, using defaults
2021-10-28 09:06:31,177 [Start Help Server] INFO  org.eclipse.jetty.server.session - node0 Scavenging every 660000ms
2021-10-28 09:06:31,202 [Start Help Server] INFO  o.e.j.server.handler.ContextHandler - Started o.e.j.s.ServletContextHandler@6df79a86{/help,null,AVAILABLE}
2021-10-28 09:06:31,223 [Start Help Server] INFO  o.e.jetty.server.AbstractConnector - Started ServerConnector@e9d522d{HTTP/1.1, (http/1.1)}{127.0.0.1:53356}
2021-10-28 09:06:31,224 [Start Help Server] INFO  org.eclipse.jetty.server.Server - Started @327340ms
2021-10-28 09:06:31,224 [Start Help Server] INFO  org.eclipse.jetty.server.session - node0 Scavenging every 726000ms
2021-10-28 10:08:05,528 [Stop Help Server] INFO  o.e.jetty.server.AbstractConnector - Stopped ServerConnector@e9d522d{HTTP/1.1, (http/1.1)}{127.0.0.1:0}
2021-10-28 10:08:05,528 [Stop Help Server] INFO  org.eclipse.jetty.server.session - node0 Stopped scavenging
2021-10-28 10:08:05,534 [Stop Help Server] INFO  o.e.j.server.handler.ContextHandler - Stopped o.e.j.s.ServletContextHandler@6df79a86{/help,null,STOPPED}
2021-10-28 12:59:01,342 [Worker-3: Loading available Gradle versions] INFO  o.e.b.c.i.u.g.PublishedGradleVersions - Gradle version information cache is up-to-date. Trying to read.
2021-10-28 13:00:10,444 [Start Help Server] INFO  org.eclipse.jetty.util.log - Logging initialized @77323ms to org.eclipse.jetty.util.log.Slf4jLog
2021-10-28 13:00:10,547 [Start Help Server] INFO  org.eclipse.jetty.server.Server - jetty-9.4.37.v20210219; built: 2021-02-23T06:49:41.320Z; git: 27afab2bd37780d179836e313e0fe11bc4fa0ce9; jvm 15.0.2+7-27
2021-10-28 13:00:10,562 [Start Help Server] INFO  org.eclipse.jetty.server.session - DefaultSessionIdManager workerName=node0
2021-10-28 13:00:10,563 [Start Help Server] INFO  org.eclipse.jetty.server.session - No SessionScavenger set, using defaults
2021-10-28 13:00:10,564 [Start Help Server] INFO  org.eclipse.jetty.server.session - node0 Scavenging every 600000ms
2021-10-28 13:00:10,585 [Start Help Server] INFO  o.e.j.server.handler.ContextHandler - Started o.e.j.s.ServletContextHandler@29910450{/help,null,AVAILABLE}
2021-10-28 13:00:10,607 [Start Help Server] INFO  o.e.jetty.server.AbstractConnector - Started ServerConnector@caf7183{HTTP/1.1, (http/1.1)}{127.0.0.1:57241}
2021-10-28 13:00:10,607 [Start Help Server] INFO  org.eclipse.jetty.server.Server - Started @77488ms
2021-10-28 13:00:10,607 [Start Help Server] INFO  org.eclipse.jetty.server.session - node0 Scavenging every 600000ms
2021-10-28 13:41:26,773 [Stop Help Server] INFO  o.e.jetty.server.AbstractConnector - Stopped ServerConnector@caf7183{HTTP/1.1, (http/1.1)}{127.0.0.1:0}
2021-10-28 13:41:26,774 [Stop Help Server] INFO  org.eclipse.jetty.server.session - node0 Stopped scavenging
2021-10-28 13:41:26,782 [Stop Help Server] INFO  o.e.j.server.handler.ContextHandler - Stopped o.e.j.s.ServletContextHandler@29910450{/help,null,STOPPED}
2021-10-28 13:43:21,276 [Worker-3: Loading available Gradle versions] INFO  o.e.b.c.i.u.g.PublishedGradleVersions - Gradle version information cache is up-to-date. Trying to read.
2021-10-30 16:58:47,329 [Worker-3: Loading available Gradle versions] INFO  o.e.b.c.i.u.g.PublishedGradleVersions - Gradle version information cache is out-of-date. Trying to update.
2021-10-31 19:03:01,347 [Worker-4: Loading available Gradle versions] INFO  o.e.b.c.i.u.g.PublishedGradleVersions - Gradle version information cache is out-of-date. Trying to update.
2021-10-31 22:26:14,900 [Worker-3: Loading available Gradle versions] INFO  o.e.b.c.i.u.g.PublishedGradleVersions - Gradle version information cache is up-to-date. Trying to read.
2021-10-31 22:44:09,282 [Worker-5: Loading available Gradle versions] INFO  o.e.b.c.i.u.g.PublishedGradleVersions - Gradle version information cache is up-to-date. Trying to read.
2021-10-31 23:21:46,227 [Start Help Server] INFO  org.eclipse.jetty.util.log - Logging initialized @2298107ms to org.eclipse.jetty.util.log.Slf4jLog
2021-10-31 23:21:46,353 [Start Help Server] INFO  org.eclipse.jetty.server.Server - jetty-9.4.37.v20210219; built: 2021-02-23T06:49:41.320Z; git: 27afab2bd37780d179836e313e0fe11bc4fa0ce9; jvm 15.0.2+7-27
2021-10-31 23:21:46,370 [Start Help Server] INFO  org.eclipse.jetty.server.session - DefaultSessionIdManager workerName=node0
2021-10-31 23:21:46,371 [Start Help Server] INFO  org.eclipse.jetty.server.session - No SessionScavenger set, using defaults
2021-10-31 23:21:46,372 [Start Help Server] INFO  org.eclipse.jetty.server.session - node0 Scavenging every 600000ms
2021-10-31 23:21:46,399 [Start Help Server] INFO  o.e.j.server.handler.ContextHandler - Started o.e.j.s.ServletContextHandler@6478bfba{/help,null,AVAILABLE}
2021-10-31 23:21:46,422 [Start Help Server] INFO  o.e.jetty.server.AbstractConnector - Started ServerConnector@5e3f9809{HTTP/1.1, (http/1.1)}{127.0.0.1:51107}
2021-10-31 23:21:46,422 [Start Help Server] INFO  org.eclipse.jetty.server.Server - Started @2298304ms
2021-10-31 23:21:46,422 [Start Help Server] INFO  org.eclipse.jetty.server.session - node0 Scavenging every 660000ms
2021-11-01 01:05:33,458 [Worker-5: Loading available Gradle versions] INFO  o.e.b.c.i.u.g.PublishedGradleVersions - Gradle version information cache is up-to-date. Trying to read.
2021-11-01 01:27:05,061 [Start Help Server] INFO  org.eclipse.jetty.util.log - Logging initialized @1304203ms to org.eclipse.jetty.util.log.Slf4jLog
2021-11-01 01:27:05,172 [Start Help Server] INFO  org.eclipse.jetty.server.Server - jetty-9.4.37.v20210219; built: 2021-02-23T06:49:41.320Z; git: 27afab2bd37780d179836e313e0fe11bc4fa0ce9; jvm 15.0.2+7-27
2021-11-01 01:27:05,189 [Start Help Server] INFO  org.eclipse.jetty.server.session - DefaultSessionIdManager workerName=node0
2021-11-01 01:27:05,190 [Start Help Server] INFO  org.eclipse.jetty.server.session - No SessionScavenger set, using defaults
2021-11-01 01:27:05,191 [Start Help Server] INFO  org.eclipse.jetty.server.session - node0 Scavenging every 660000ms
2021-11-01 01:27:05,218 [Start Help Server] INFO  o.e.j.server.handler.ContextHandler - Started o.e.j.s.ServletContextHandler@767fa5be{/help,null,AVAILABLE}
2021-11-01 01:27:05,240 [Start Help Server] INFO  o.e.jetty.server.AbstractConnector - Started ServerConnector@4adce478{HTTP/1.1, (http/1.1)}{127.0.0.1:55575}
2021-11-01 01:27:05,241 [Start Help Server] INFO  org.eclipse.jetty.server.Server - Started @1304385ms
2021-11-01 01:27:05,241 [Start Help Server] INFO  org.eclipse.jetty.server.session - node0 Scavenging every 660000ms
2021-11-01 10:12:18,047 [Stop Help Server] INFO  o.e.jetty.server.AbstractConnector - Stopped ServerConnector@4adce478{HTTP/1.1, (http/1.1)}{127.0.0.1:0}
2021-11-01 10:12:18,048 [Stop Help Server] INFO  org.eclipse.jetty.server.session - node0 Stopped scavenging
2021-11-01 10:12:18,058 [Stop Help Server] INFO  o.e.j.server.handler.ContextHandler - Stopped o.e.j.s.ServletContextHandler@767fa5be{/help,null,STOPPED}
2021-11-01 22:44:50,317 [Worker-6: Loading available Gradle versions] INFO  o.e.b.c.i.u.g.PublishedGradleVersions - Gradle version information cache is out-of-date. Trying to update.
2021-11-04 08:50:46,137 [Worker-1: Loading available Gradle versions] INFO  o.e.b.c.i.u.g.PublishedGradleVersions - Gradle version information cache is out-of-date. Trying to update.
2021-11-04 09:00:09,393 [Start Help Server] INFO  org.eclipse.jetty.util.log - Logging initialized @582930ms to org.eclipse.jetty.util.log.Slf4jLog
2021-11-04 09:00:09,570 [Start Help Server] INFO  org.eclipse.jetty.server.Server - jetty-9.4.37.v20210219; built: 2021-02-23T06:49:41.320Z; git: 27afab2bd37780d179836e313e0fe11bc4fa0ce9; jvm 15.0.2+7-27
2021-11-04 09:00:09,587 [Start Help Server] INFO  org.eclipse.jetty.server.session - DefaultSessionIdManager workerName=node0
2021-11-04 09:00:09,587 [Start Help Server] INFO  org.eclipse.jetty.server.session - No SessionScavenger set, using defaults
2021-11-04 09:00:09,589 [Start Help Server] INFO  org.eclipse.jetty.server.session - node0 Scavenging every 660000ms
2021-11-04 09:00:09,614 [Start Help Server] INFO  o.e.j.server.handler.ContextHandler - Started o.e.j.s.ServletContextHandler@6a998f96{/help,null,AVAILABLE}
2021-11-04 09:00:09,636 [Start Help Server] INFO  o.e.jetty.server.AbstractConnector - Started ServerConnector@697d35f7{HTTP/1.1, (http/1.1)}{127.0.0.1:63799}
2021-11-04 09:00:09,637 [Start Help Server] INFO  org.eclipse.jetty.server.Server - Started @583175ms
2021-11-04 09:00:09,637 [Start Help Server] INFO  org.eclipse.jetty.server.session - node0 Scavenging every 660000ms
2021-11-04 10:12:21,011 [Stop Help Server] INFO  o.e.jetty.server.AbstractConnector - Stopped ServerConnector@697d35f7{HTTP/1.1, (http/1.1)}{127.0.0.1:0}
2021-11-04 10:12:21,011 [Stop Help Server] INFO  org.eclipse.jetty.server.session - node0 Stopped scavenging
2021-11-04 10:12:21,022 [Stop Help Server] INFO  o.e.j.server.handler.ContextHandler - Stopped o.e.j.s.ServletContextHandler@6a998f96{/help,null,STOPPED}
2021-11-04 10:12:36,530 [Worker-5: Loading available Gradle versions] INFO  o.e.b.c.i.u.g.PublishedGradleVersions - Gradle version information cache is up-to-date. Trying to read.
